Build started 11/21/2015 5:06:58 PM.
     1>Project "D:\Политех\Visual Studio Projects\Lab_PP\Lab5\Lab5.vcxproj" on node 2 (Build target(s)).
     1>ClCompile:
         C:\Program Files (x86)\Microsoft Visual Studio 13.0\VC\bin\CL.exe /c /ZI /nologo /W3 /WX- /Od /Oy- /D WIN32 /D _DEBUG /D _CONSOLE /D _LIB /D _UNICODE /D UNICODE /Gm /EHsc /RTC1 /MDd /GS /fp:precise /Zc:wchar_t /Zc:forScope /Fo"Debug\\" /Fd"Debug\vc120.pdb" /Gd /TP /analyze- /errorReport:prompt Lab5.cpp
         Lab5.cpp
     1>d:\политех\visual studio projects\lab_pp\lab5\lab5.cpp(30): warning C4996: 'scanf': This function or variable may be unsafe. Consider using scanf_s instead. To disable deprecation, use _CRT_SECURE_NO_WARNINGS. See online help for details.
                 c:\program files (x86)\microsoft visual studio 13.0\vc\include\stdio.h(283) : see declaration of 'scanf'
     1>d:\политех\visual studio projects\lab_pp\lab5\lab5.cpp(85): warning C4996: 'scanf': This function or variable may be unsafe. Consider using scanf_s instead. To disable deprecation, use _CRT_SECURE_NO_WARNINGS. See online help for details.
                 c:\program files (x86)\microsoft visual studio 13.0\vc\include\stdio.h(283) : see declaration of 'scanf'
     1>d:\политех\visual studio projects\lab_pp\lab5\lab5.cpp(189): warning C4018: '<' : signed/unsigned mismatch
     1>d:\политех\visual studio projects\lab_pp\lab5\lab5.cpp(200): warning C4018: '<' : signed/unsigned mismatch
     1>d:\политех\visual studio projects\lab_pp\lab5\lab5.cpp(292): warning C4996: 'strcpy': This function or variable may be unsafe. Consider using strcpy_s instead. To disable deprecation, use _CRT_SECURE_NO_WARNINGS. See online help for details.
                 c:\program files (x86)\microsoft visual studio 13.0\vc\include\string.h(112) : see declaration of 'strcpy'
     1>d:\политех\visual studio projects\lab_pp\lab5\lab5.cpp(293): warning C4996: 'strcpy': This function or variable may be unsafe. Consider using strcpy_s instead. To disable deprecation, use _CRT_SECURE_NO_WARNINGS. See online help for details.
                 c:\program files (x86)\microsoft visual studio 13.0\vc\include\string.h(112) : see declaration of 'strcpy'
     1>d:\политех\visual studio projects\lab_pp\lab5\lab5.cpp(294): warning C4996: 'strcpy': This function or variable may be unsafe. Consider using strcpy_s instead. To disable deprecation, use _CRT_SECURE_NO_WARNINGS. See online help for details.
                 c:\program files (x86)\microsoft visual studio 13.0\vc\include\string.h(112) : see declaration of 'strcpy'
     1>d:\политех\visual studio projects\lab_pp\lab5\lab5.cpp(299): warning C4996: 'strcpy': This function or variable may be unsafe. Consider using strcpy_s instead. To disable deprecation, use _CRT_SECURE_NO_WARNINGS. See online help for details.
                 c:\program files (x86)\microsoft visual studio 13.0\vc\include\string.h(112) : see declaration of 'strcpy'
     1>d:\политех\visual studio projects\lab_pp\lab5\lab5.cpp(300): warning C4996: 'strcpy': This function or variable may be unsafe. Consider using strcpy_s instead. To disable deprecation, use _CRT_SECURE_NO_WARNINGS. See online help for details.
                 c:\program files (x86)\microsoft visual studio 13.0\vc\include\string.h(112) : see declaration of 'strcpy'
     1>d:\политех\visual studio projects\lab_pp\lab5\lab5.cpp(301): warning C4996: 'strcpy': This function or variable may be unsafe. Consider using strcpy_s instead. To disable deprecation, use _CRT_SECURE_NO_WARNINGS. See online help for details.
                 c:\program files (x86)\microsoft visual studio 13.0\vc\include\string.h(112) : see declaration of 'strcpy'
     1>d:\политех\visual studio projects\lab_pp\lab5\lab5.cpp(272): warning C4101: 'b2' : unreferenced local variable
       Link:
         C:\Program Files (x86)\Microsoft Visual Studio 13.0\VC\bin\link.exe /ERRORREPORT:PROMPT /OUT:"D:\Политех\Visual Studio Projects\Lab_PP\Debug\Lab5.exe" /INCREMENTAL /NOLOGO kernel32.lib user32.lib gdi32.lib winspool.lib comdlg32.lib advapi32.lib shell32.lib ole32.lib oleaut32.lib uuid.lib odbc32.lib odbccp32.lib /MANIFEST /MANIFESTUAC:"level='asInvoker' uiAccess='false'" /manifest:embed /DEBUG /PDB:"D:\Политех\Visual Studio Projects\Lab_PP\Debug\Lab5.pdb" /SUBSYSTEM:CONSOLE /TLBID:1 /DYNAMICBASE /NXCOMPAT /IMPLIB:"D:\Политех\Visual Studio Projects\Lab_PP\Debug\Lab5.lib" /MACHINE:X86 Debug\Lab5.res
         Debug\Lab5.obj
         Debug\other.obj
         Debug\Book.obj
         Lab5.vcxproj -> D:\Политех\Visual Studio Projects\Lab_PP\Debug\Lab5.exe
     1>Done Building Project "D:\Политех\Visual Studio Projects\Lab_PP\Lab5\Lab5.vcxproj" (Build target(s)).

Build succeeded.

Time Elapsed 00:00:00.85
