Build started 11/21/2015 5:33:35 PM.
     1>Project "D:\Политех\Visual Studio Projects\Lab_PP\Lab6\Lab6.vcxproj" on node 2 (Build target(s)).
     1>ClCompile:
         C:\Program Files (x86)\Microsoft Visual Studio 13.0\VC\bin\CL.exe /c /ZI /nologo /W3 /WX- /Od /Oy- /D WIN32 /D _DEBUG /D _CONSOLE /D _LIB /D _UNICODE /D UNICODE /Gm /EHsc /RTC1 /MDd /GS /fp:precise /Zc:wchar_t /Zc:forScope /Fo"Debug\\" /Fd"Debug\vc120.pdb" /Gd /TP /analyze- /errorReport:prompt Book.cpp Sort.cpp lab6.cpp
         Book.cpp
     1>d:\политех\visual studio projects\lab_pp\lab6\book.cpp(46): warning C4996: 'scanf': This function or variable may be unsafe. Consider using scanf_s instead. To disable deprecation, use _CRT_SECURE_NO_WARNINGS. See online help for details.
                 c:\program files (x86)\microsoft visual studio 13.0\vc\include\stdio.h(283) : see declaration of 'scanf'
     1>d:\политех\visual studio projects\lab_pp\lab6\book.cpp(49): warning C4996: 'scanf': This function or variable may be unsafe. Consider using scanf_s instead. To disable deprecation, use _CRT_SECURE_NO_WARNINGS. See online help for details.
                 c:\program files (x86)\microsoft visual studio 13.0\vc\include\stdio.h(283) : see declaration of 'scanf'
     1>d:\политех\visual studio projects\lab_pp\lab6\book.cpp(60): warning C4996: 'scanf': This function or variable may be unsafe. Consider using scanf_s instead. To disable deprecation, use _CRT_SECURE_NO_WARNINGS. See online help for details.
                 c:\program files (x86)\microsoft visual studio 13.0\vc\include\stdio.h(283) : see declaration of 'scanf'
     1>d:\политех\visual studio projects\lab_pp\lab6\book.cpp(72): warning C4996: 'scanf': This function or variable may be unsafe. Consider using scanf_s instead. To disable deprecation, use _CRT_SECURE_NO_WARNINGS. See online help for details.
                 c:\program files (x86)\microsoft visual studio 13.0\vc\include\stdio.h(283) : see declaration of 'scanf'
     1>d:\политех\visual studio projects\lab_pp\lab6\book.cpp(80): warning C4996: 'scanf': This function or variable may be unsafe. Consider using scanf_s instead. To disable deprecation, use _CRT_SECURE_NO_WARNINGS. See online help for details.
                 c:\program files (x86)\microsoft visual studio 13.0\vc\include\stdio.h(283) : see declaration of 'scanf'
     1>d:\политех\visual studio projects\lab_pp\lab6\book.cpp(88): warning C4996: 'scanf': This function or variable may be unsafe. Consider using scanf_s instead. To disable deprecation, use _CRT_SECURE_NO_WARNINGS. See online help for details.
                 c:\program files (x86)\microsoft visual studio 13.0\vc\include\stdio.h(283) : see declaration of 'scanf'
     1>d:\политех\visual studio projects\lab_pp\lab6\book.cpp(125): warning C4996: 'scanf': This function or variable may be unsafe. Consider using scanf_s instead. To disable deprecation, use _CRT_SECURE_NO_WARNINGS. See online help for details.
                 c:\program files (x86)\microsoft visual studio 13.0\vc\include\stdio.h(283) : see declaration of 'scanf'
     1>d:\политех\visual studio projects\lab_pp\lab6\book.cpp(163): warning C4018: '<' : signed/unsigned mismatch
     1>d:\политех\visual studio projects\lab_pp\lab6\book.cpp(212): warning C4996: 'scanf': This function or variable may be unsafe. Consider using scanf_s instead. To disable deprecation, use _CRT_SECURE_NO_WARNINGS. See online help for details.
                 c:\program files (x86)\microsoft visual studio 13.0\vc\include\stdio.h(283) : see declaration of 'scanf'
     1>d:\политех\visual studio projects\lab_pp\lab6\book.cpp(313): warning C4996: 'fopen': This function or variable may be unsafe. Consider using fopen_s instead. To disable deprecation, use _CRT_SECURE_NO_WARNINGS. See online help for details.
                 c:\program files (x86)\microsoft visual studio 13.0\vc\include\stdio.h(211) : see declaration of 'fopen'
     1>d:\политех\visual studio projects\lab_pp\lab6\book.cpp(355): warning C4996: 'fopen': This function or variable may be unsafe. Consider using fopen_s instead. To disable deprecation, use _CRT_SECURE_NO_WARNINGS. See online help for details.
                 c:\program files (x86)\microsoft visual studio 13.0\vc\include\stdio.h(211) : see declaration of 'fopen'
     1>d:\политех\visual studio projects\lab_pp\lab6\book.cpp(394): warning C4018: '<' : signed/unsigned mismatch
     1>d:\политех\visual studio projects\lab_pp\lab6\book.cpp(417): warning C4996: 'fscanf': This function or variable may be unsafe. Consider using fscanf_s instead. To disable deprecation, use _CRT_SECURE_NO_WARNINGS. See online help for details.
                 c:\program files (x86)\microsoft visual studio 13.0\vc\include\stdio.h(230) : see declaration of 'fscanf'
     1>d:\политех\visual studio projects\lab_pp\lab6\book.cpp(421): warning C4996: 'fscanf': This function or variable may be unsafe. Consider using fscanf_s instead. To disable deprecation, use _CRT_SECURE_NO_WARNINGS. See online help for details.
                 c:\program files (x86)\microsoft visual studio 13.0\vc\include\stdio.h(230) : see declaration of 'fscanf'
     1>d:\политех\visual studio projects\lab_pp\lab6\book.cpp(423): warning C4996: 'fscanf': This function or variable may be unsafe. Consider using fscanf_s instead. To disable deprecation, use _CRT_SECURE_NO_WARNINGS. See online help for details.
                 c:\program files (x86)\microsoft visual studio 13.0\vc\include\stdio.h(230) : see declaration of 'fscanf'
     1>d:\политех\visual studio projects\lab_pp\lab6\book.cpp(424): warning C4996: 'fscanf': This function or variable may be unsafe. Consider using fscanf_s instead. To disable deprecation, use _CRT_SECURE_NO_WARNINGS. See online help for details.
                 c:\program files (x86)\microsoft visual studio 13.0\vc\include\stdio.h(230) : see declaration of 'fscanf'
     1>d:\политех\visual studio projects\lab_pp\lab6\book.cpp(413): warning C4101: 'n' : unreferenced local variable
     1>d:\политех\visual studio projects\lab_pp\lab6\book.cpp(444): warning C4996: 'scanf': This function or variable may be unsafe. Consider using scanf_s instead. To disable deprecation, use _CRT_SECURE_NO_WARNINGS. See online help for details.
                 c:\program files (x86)\microsoft visual studio 13.0\vc\include\stdio.h(283) : see declaration of 'scanf'
         Generating Code...
         Compiling...
         lab6.cpp
         Sort.cpp
         Generating Code...
       Link:
         C:\Program Files (x86)\Microsoft Visual Studio 13.0\VC\bin\link.exe /ERRORREPORT:PROMPT /OUT:"D:\Политех\Visual Studio Projects\Lab_PP\Debug\Lab6.exe" /INCREMENTAL /NOLOGO kernel32.lib user32.lib gdi32.lib winspool.lib comdlg32.lib advapi32.lib shell32.lib ole32.lib oleaut32.lib uuid.lib odbc32.lib odbccp32.lib /MANIFEST /MANIFESTUAC:"level='asInvoker' uiAccess='false'" /manifest:embed /DEBUG /PDB:"D:\Политех\Visual Studio Projects\Lab_PP\Debug\Lab6.pdb" /SUBSYSTEM:CONSOLE /TLBID:1 /DYNAMICBASE /NXCOMPAT /IMPLIB:"D:\Политех\Visual Studio Projects\Lab_PP\Debug\Lab6.lib" /MACHINE:X86 Debug\Book.obj
         Debug\lab6.obj
         Debug\Sort.obj
         Lab6.vcxproj -> D:\Политех\Visual Studio Projects\Lab_PP\Debug\Lab6.exe
     1>Done Building Project "D:\Политех\Visual Studio Projects\Lab_PP\Lab6\Lab6.vcxproj" (Build target(s)).

Build succeeded.

Time Elapsed 00:00:01.75
