Build started 11/21/2015 4:46:13 PM.
     1>Project "D:\Политех\Visual Studio Projects\Lab_PP\Lab4\Lab4.vcxproj" on node 2 (Build target(s)).
     1>ClCompile:
         C:\Program Files (x86)\Microsoft Visual Studio 13.0\VC\bin\CL.exe /c /ZI /nologo /W3 /WX- /Od /Oy- /D WIN32 /D _DEBUG /D _CONSOLE /D _LIB /D _UNICODE /D UNICODE /Gm /EHsc /RTC1 /MDd /GS /fp:precise /Zc:wchar_t /Zc:forScope /Fo"Debug\\" /Fd"Debug\vc120.pdb" /Gd /TP /analyze- /errorReport:prompt Lab4.cpp other.cpp
         Lab4.cpp
     1>d:\политех\visual studio projects\lab_pp\lab4\lab4.cpp(195): warning C4018: '<' : signed/unsigned mismatch
         Generating Code...
         Compiling...
         other.cpp
     1>d:\политех\visual studio projects\lab_pp\lab4\other.cpp(62): warning C4018: '<' : signed/unsigned mismatch
     1>d:\политех\visual studio projects\lab_pp\lab4\other.cpp(87): warning C4996: 'scanf': This function or variable may be unsafe. Consider using scanf_s instead. To disable deprecation, use _CRT_SECURE_NO_WARNINGS. See online help for details.
                 c:\program files (x86)\microsoft visual studio 13.0\vc\include\stdio.h(283) : see declaration of 'scanf'
     1>d:\политех\visual studio projects\lab_pp\lab4\other.cpp(88): warning C4018: '<' : signed/unsigned mismatch
     1>d:\политех\visual studio projects\lab_pp\lab4\other.cpp(99): warning C4018: '<' : signed/unsigned mismatch
     1>d:\политех\visual studio projects\lab_pp\lab4\other.cpp(112): warning C4018: '<' : signed/unsigned mismatch
         Generating Code...
       Link:
         C:\Program Files (x86)\Microsoft Visual Studio 13.0\VC\bin\link.exe /ERRORREPORT:PROMPT /OUT:"D:\Политех\Visual Studio Projects\Lab_PP\Debug\Lab4.exe" /INCREMENTAL /NOLOGO kernel32.lib user32.lib gdi32.lib winspool.lib comdlg32.lib advapi32.lib shell32.lib ole32.lib oleaut32.lib uuid.lib odbc32.lib odbccp32.lib /MANIFEST /MANIFESTUAC:"level='asInvoker' uiAccess='false'" /manifest:embed /DEBUG /PDB:"D:\Политех\Visual Studio Projects\Lab_PP\Debug\Lab4.pdb" /SUBSYSTEM:CONSOLE /TLBID:1 /DYNAMICBASE /NXCOMPAT /IMPLIB:"D:\Политех\Visual Studio Projects\Lab_PP\Debug\Lab4.lib" /MACHINE:X86 Debug\Lab4.obj
         Debug\other.obj
         Lab4.vcxproj -> D:\Политех\Visual Studio Projects\Lab_PP\Debug\Lab4.exe
     1>Done Building Project "D:\Политех\Visual Studio Projects\Lab_PP\Lab4\Lab4.vcxproj" (Build target(s)).

Build succeeded.

Time Elapsed 00:00:01.20
